<?xml version="1.0" encoding="UTF-8" ?>
<testsuite errors="1" failures="0" hostname="LAPTOP-PDVNBNK2" name="UserAccountTest" skipped="0" tests="6" time="0.18" timestamp="2023-05-18T15:06:23">
  <properties>
[...]
</properties>
  <testcase classname="UserAccountTest" name="testInvalidNameTooShort" time="0.003" />
  <testcase classname="UserAccountTest" name="testValidUser" time="0.009">
    <error message="User account name must match regex &apos;^[A-Za-z0-9]{4,32}$&apos;, but &apos;te&apos; was given" type="java.lang.IllegalArgumentException">java.lang.IllegalArgumentException: User account name must match regex &apos;^[A-Za-z0-9]{4,32}$&apos;, but &apos;te&apos; was given
	at ru.vityaman.itmo.web.lab.taparia.user.UserAccount$Name.&lt;init&gt;(Unknown Source)
	at ru.vityaman.itmo.web.lab.taparia.user.UserAccount$Name.of(Unknown Source)
	at UserAccountTest.testValidUser(Unknown Source)
	at java.base/jdk.internal.reflect.NativeMethodAccessorImpl.invoke0(Native Method)
	at java.base/jdk.internal.reflect.NativeMethodAccessorImpl.invoke(NativeMethodAccessorImpl.java:77)
	at java.base/jdk.internal.reflect.DelegatingMethodAccessorImpl.invoke(DelegatingMethodAccessorImpl.java:43)
</error>
  </testcase>
  <testcase classname="UserAccountTest" name="testInvalidNameRestrictedSymbol" time="0.0" />
  <testcase classname="UserAccountTest" name="testInvalidIdZero" time="0.0" />
  <testcase classname="UserAccountTest" name="testInvalidNameTooLong" time="0.003" />
  <testcase classname="UserAccountTest" name="testInvalidIdNegative" time="0.0" />
  <system-out><![CDATA[]]></system-out>
  <system-err><![CDATA[]]></system-err>
</testsuite>
